<?xml version="1.0" encoding="UTF-8"?>
<!-- Generated by org.testng.reporters.JUnitXMLReporter -->
<testsuite hostname="Ashish-Laptop" name="Default test" tests="7" failures="0" timestamp="6 Jul 2017 16:40:55 GMT" time="0.428" errors="0">
  <testcase name="@BeforeTest prerequite" time="0.0" classname="com.ext.testCases.TC_Login">
    <failure type="org.testng.TestNGException" message="
Parameter &amp;apos;browserName&amp;apos; is required by @Configuration on method prerequite but has not been marked @Optional or defined
in C:\Users\USER\AppData\Local\Temp\testng-eclipse--2041003961\testng-customsuite.xml">
      <![CDATA[org.testng.TestNGException: 
Parameter 'browserName' is required by @Configuration on method prerequite but has not been marked @Optional or defined
in C:\Users\USER\AppData\Local\Temp\testng-eclipse--2041003961\testng-customsuite.xml
	at org.testng.internal.Parameters.createParameters(Parameters.java:154)
	at org.testng.internal.Parameters.createParameters(Parameters.java:361)
	at org.testng.internal.Parameters.createConfigurationParameters(Parameters.java:84)
	at org.testng.internal.Invoker.invokeConfigurations(Invoker.java:201)
	at org.testng.internal.Invoker.invokeConfigurations(Invoker.java:142)
	at org.testng.TestRunner.beforeRun(TestRunner.java:656)
	at org.testng.TestRunner.run(TestRunner.java:624)
	at org.testng.SuiteRunner.runTest(SuiteRunner.java:366)
	at org.testng.SuiteRunner.runSequentially(SuiteRunner.java:361)
	at org.testng.SuiteRunner.privateRun(SuiteRunner.java:319)
	at org.testng.SuiteRunner.run(SuiteRunner.java:268)
	at org.testng.SuiteRunnerWorker.runSuite(SuiteRunnerWorker.java:52)
	at org.testng.SuiteRunnerWorker.run(SuiteRunnerWorker.java:86)
	at org.testng.TestNG.runSuitesSequentially(TestNG.java:1244)
	at org.testng.TestNG.runSuitesLocally(TestNG.java:1169)
	at org.testng.TestNG.run(TestNG.java:1064)
	at org.testng.remote.AbstractRemoteTestNG.run(AbstractRemoteTestNG.java:126)
	at org.testng.remote.RemoteTestNG.initAndRun(RemoteTestNG.java:137)
	at org.testng.remote.RemoteTestNG.main(RemoteTestNG.java:58)
]]>
    </failure>
  </testcase> <!-- @BeforeTest prerequite -->
  <testcase name="@BeforeClass beforeMethod" time="0.0" classname="com.ext.testCases.TC_Login">
    <skipped/>
  </testcase> <!-- @BeforeClass beforeMethod -->
  <testcase name="@AfterMethod tearDown" time="0.0" classname="com.ext.testCases.TC_Login">
    <skipped/>
  </testcase> <!-- @AfterMethod tearDown -->
  <testcase name="@AfterMethod tearDown" time="0.0" classname="com.ext.testCases.TC_Login">
    <skipped/>
  </testcase> <!-- @AfterMethod tearDown -->
  <testcase name="@AfterMethod tearDown" time="0.0" classname="com.ext.testCases.VerifyTitle">
    <skipped/>
  </testcase> <!-- @AfterMethod tearDown -->
  <testcase name="@BeforeClass startTestCase" time="0.0" classname="com.ext.testCases.TC_Register">
    <skipped/>
  </testcase> <!-- @BeforeClass startTestCase -->
  <testcase name="@AfterMethod tearDown" time="0.0" classname="com.ext.testCases.TC_Register">
    <skipped/>
  </testcase> <!-- @AfterMethod tearDown -->
  <testcase name="@AfterMethod tearDown" time="0.0" classname="com.ext.testCases.TC_Register">
    <skipped/>
  </testcase> <!-- @AfterMethod tearDown -->
  <testcase name="@AfterMethod tearDown" time="0.0" classname="com.ext.testCases.BaseTestCase">
    <skipped/>
  </testcase> <!-- @AfterMethod tearDown -->
  <testcase name="verifyTitle" time="0.007" classname="com.ext.testCases.TC_Login">
    <skipped/>
  </testcase> <!-- verifyTitle -->
  <testcase name="TC_Login1" time="0.001" classname="com.ext.testCases.TC_Login">
    <skipped/>
  </testcase> <!-- TC_Login1 -->
  <testcase name="TC_Widgets" time="0.002" classname="com.ext.testCases.TC_Practice">
    <skipped/>
  </testcase> <!-- TC_Widgets -->
  <testcase name="verifyBlogTitle" time="0.002" classname="com.ext.testCases.VerifyTitle">
    <skipped/>
  </testcase> <!-- verifyBlogTitle -->
  <testcase name="verifyTitle" time="0.002" classname="com.ext.testCases.TC_Register">
    <skipped/>
  </testcase> <!-- verifyTitle -->
  <testcase name="TC1_Register" time="0.001" classname="com.ext.testCases.TC_Register">
    <skipped/>
  </testcase> <!-- TC1_Register -->
  <testcase name="verifyTitle" time="0.001" classname="com.ext.testCases.BaseTestCase">
    <skipped/>
  </testcase> <!-- verifyTitle -->
</testsuite> <!-- Default test -->
