<?xml version="1.0" encoding="UTF-8"?>
<testng-results skipped="0" failed="1" total="2" passed="1">
  <reporter-output>
    <line>
      <![CDATA[All Test Cases started- onStart Test- Chrome]]>
    </line>
    <line>
      <![CDATA[All Test Cases started- onStart Test- Chrome]]>
    </line>
    <line>
      <![CDATA[Test Case started TC_Login1null]]>
    </line>
    <line>
      <![CDATA[Test Case started TC_Login1null]]>
    </line>
    <line>
      <![CDATA[Test case Name TC_Login1]]>
    </line>
    <line>
      <![CDATA[Resides under test class [TestClass name=class com.ext.testCases.TC_Login]]]>
    </line>
    <line>
      <![CDATA[Test Case Status is Failed]]>
    </line>
    <line>
      <![CDATA[Test case Name TC_Login1]]>
    </line>
    <line>
      <![CDATA[Resides under test class [TestClass name=class com.ext.testCases.TC_Login]]]>
    </line>
    <line>
      <![CDATA[Test Case Status is Failed]]>
    </line>
    <line>
      <![CDATA[Test Case started TC_Login2null]]>
    </line>
    <line>
      <![CDATA[Test Case started TC_Login2null]]>
    </line>
    <line>
      <![CDATA[Test case Name TC_Login2]]>
    </line>
    <line>
      <![CDATA[Resides under test class [TestClass name=class com.ext.testCases.TC_Login]]]>
    </line>
    <line>
      <![CDATA[Test Case Status is Pass]]>
    </line>
    <line>
      <![CDATA[Test case Name TC_Login2]]>
    </line>
    <line>
      <![CDATA[Resides under test class [TestClass name=class com.ext.testCases.TC_Login]]]>
    </line>
    <line>
      <![CDATA[Test Case Status is Pass]]>
    </line>
  </reporter-output>
  <suite name="Suite" duration-ms="11755" started-at="2020-08-05T11:49:49Z" finished-at="2020-08-05T11:50:01Z">
    <groups>
    </groups>
    <test name="Test- Chrome" duration-ms="11755" started-at="2020-08-05T11:49:49Z" finished-at="2020-08-05T11:50:01Z">
      <class name="com.ext.testCases.TC_Login">
        <test-method status="PASS" signature="beforeMethod()[pri:0, instance:com.ext.testCases.TC_Login@18be83e4]" name="beforeMethod" is-config="true" duration-ms="0" started-at="2020-08-05T17:20:00Z" finished-at="2020-08-05T17:20:00Z">
          <reporter-output>
          </reporter-output>
        </test-method> <!-- beforeMethod -->
        <test-method status="FAIL" signature="TC_Login1()[pri:0, instance:com.ext.testCases.TC_Login@18be83e4]" name="TC_Login1" duration-ms="288" started-at="2020-08-05T17:20:00Z" finished-at="2020-08-05T17:20:00Z">
          <exception class="org.openqa.selenium.WebDriverException">
            <message>
              <![CDATA[unknown error: keys should be a string
  (Session info: chrome=84.0.4147.105)
  (Driver info: chromedriver=2.37.544315 (730aa6a5fdba159ac9f4c1e8cbc59bf1b5ce12b7),platform=Windows NT 6.3.9600 x86_64) (WARNING: The server did not provide any stacktrace information)
Command duration or timeout: 53 milliseconds
Build info: version: '2.53.0', revision: '35ae25b1534ae328c771e0856c93e187490ca824', time: '2016-03-15 10:43:46'
System info: host: 'Ashish-Laptop', ip: '192.168.43.46', os.name: 'Windows 8.1', os.arch: 'amd64', os.version: '6.3', java.version: '1.8.0_65'
Driver info: org.openqa.selenium.chrome.ChromeDriver
Capabilities [{applicationCacheEnabled=false, rotatable=false, mobileEmulationEnabled=false, networkConnectionEnabled=false, chrome={chromedriverVersion=2.37.544315 (730aa6a5fdba159ac9f4c1e8cbc59bf1b5ce12b7), userDataDir=C:\Users\USER\AppData\Local\Temp\scoped_dir8712_3675}, takesHeapSnapshot=true, pageLoadStrategy=normal, databaseEnabled=false, handlesAlerts=true, hasTouchScreen=false, version=84.0.4147.105, platform=WIN8_1, browserConnectionEnabled=false, nativeEvents=true, acceptSslCerts=false, acceptInsecureCerts=false, locationContextEnabled=true, webStorageEnabled=true, browserName=chrome, takesScreenshot=true, javascriptEnabled=true, cssSelectorsEnabled=true, setWindowRect=true, unexpectedAlertBehaviour=}]
Session ID: c9cbe5e340879082b4b989924c240a9e]]>
            </message>
            <full-stacktrace>
              <![CDATA[org.openqa.selenium.WebDriverException: unknown error: keys should be a string
  (Session info: chrome=84.0.4147.105)
  (Driver info: chromedriver=2.37.544315 (730aa6a5fdba159ac9f4c1e8cbc59bf1b5ce12b7),platform=Windows NT 6.3.9600 x86_64) (WARNING: The server did not provide any stacktrace information)
Command duration or timeout: 53 milliseconds
Build info: version: '2.53.0', revision: '35ae25b1534ae328c771e0856c93e187490ca824', time: '2016-03-15 10:43:46'
System info: host: 'Ashish-Laptop', ip: '192.168.43.46', os.name: 'Windows 8.1', os.arch: 'amd64', os.version: '6.3', java.version: '1.8.0_65'
Driver info: org.openqa.selenium.chrome.ChromeDriver
Capabilities [{applicationCacheEnabled=false, rotatable=false, mobileEmulationEnabled=false, networkConnectionEnabled=false, chrome={chromedriverVersion=2.37.544315 (730aa6a5fdba159ac9f4c1e8cbc59bf1b5ce12b7), userDataDir=C:\Users\USER\AppData\Local\Temp\scoped_dir8712_3675}, takesHeapSnapshot=true, pageLoadStrategy=normal, databaseEnabled=false, handlesAlerts=true, hasTouchScreen=false, version=84.0.4147.105, platform=WIN8_1, browserConnectionEnabled=false, nativeEvents=true, acceptSslCerts=false, acceptInsecureCerts=false, locationContextEnabled=true, webStorageEnabled=true, browserName=chrome, takesScreenshot=true, javascriptEnabled=true, cssSelectorsEnabled=true, setWindowRect=true, unexpectedAlertBehaviour=}]
Session ID: c9cbe5e340879082b4b989924c240a9e
	at sun.reflect.NativeConstructorAccessorImpl.newInstance0(Native Method)
	at sun.reflect.NativeConstructorAccessorImpl.newInstance(NativeConstructorAccessorImpl.java:62)
	at sun.reflect.DelegatingConstructorAccessorImpl.newInstance(DelegatingConstructorAccessorImpl.java:45)
	at java.lang.reflect.Constructor.newInstance(Constructor.java:422)
	at org.openqa.selenium.remote.ErrorHandler.createThrowable(ErrorHandler.java:206)
	at org.openqa.selenium.remote.ErrorHandler.throwIfResponseFailed(ErrorHandler.java:158)
	at org.openqa.selenium.remote.RemoteWebDriver.execute(RemoteWebDriver.java:678)
	at org.openqa.selenium.remote.RemoteWebElement.execute(RemoteWebElement.java:327)
	at org.openqa.selenium.remote.RemoteWebElement.sendKeys(RemoteWebElement.java:122)
	at com.ext.actions.Login_Action.excecute(Login_Action.java:42)
	at com.ext.testCases.TC_Login.TC_Login1(TC_Login.java:57)
	at sun.reflect.NativeMethodAccessorImpl.invoke0(Native Method)
	at sun.reflect.NativeMethodAccessorImpl.invoke(NativeMethodAccessorImpl.java:62)
	at sun.reflect.DelegatingMethodAccessorImpl.invoke(DelegatingMethodAccessorImpl.java:43)
	at java.lang.reflect.Method.invoke(Method.java:497)
	at org.testng.internal.MethodInvocationHelper.invokeMethod(MethodInvocationHelper.java:86)
	at org.testng.internal.Invoker.invokeMethod(Invoker.java:643)
	at org.testng.internal.Invoker.invokeTestMethod(Invoker.java:820)
	at org.testng.internal.Invoker.invokeTestMethods(Invoker.java:1128)
	at org.testng.internal.TestMethodWorker.invokeTestMethods(TestMethodWorker.java:129)
	at org.testng.internal.TestMethodWorker.run(TestMethodWorker.java:112)
	at org.testng.TestRunner.privateRun(TestRunner.java:782)
	at org.testng.TestRunner.run(TestRunner.java:632)
	at org.testng.SuiteRunner.runTest(SuiteRunner.java:366)
	at org.testng.SuiteRunner.access$000(SuiteRunner.java:39)
	at org.testng.SuiteRunner$SuiteWorker.run(SuiteRunner.java:400)
	at org.testng.internal.thread.ThreadUtil$2.call(ThreadUtil.java:64)
	at java.util.concurrent.FutureTask.run(FutureTask.java:266)
	at java.util.concurrent.ThreadPoolExecutor.runWorker(ThreadPoolExecutor.java:1142)
	at java.util.concurrent.ThreadPoolExecutor$Worker.run(ThreadPoolExecutor.java:617)
	at java.lang.Thread.run(Thread.java:745)
]]>
            </full-stacktrace>
          </exception> <!-- org.openqa.selenium.WebDriverException -->
          <reporter-output>
            <line>
              <![CDATA[Test case Name TC_Login1]]>
            </line>
            <line>
              <![CDATA[Resides under test class [TestClass name=class com.ext.testCases.TC_Login]]]>
            </line>
            <line>
              <![CDATA[Test Case Status is Failed]]>
            </line>
            <line>
              <![CDATA[Test case Name TC_Login1]]>
            </line>
            <line>
              <![CDATA[Resides under test class [TestClass name=class com.ext.testCases.TC_Login]]]>
            </line>
            <line>
              <![CDATA[Test Case Status is Failed]]>
            </line>
          </reporter-output>
        </test-method> <!-- TC_Login1 -->
        <test-method status="PASS" signature="tearDown(org.testng.ITestResult)[pri:0, instance:com.ext.testCases.TC_Login@18be83e4]" name="tearDown" is-config="true" duration-ms="388" started-at="2020-08-05T17:20:00Z" finished-at="2020-08-05T17:20:00Z">
          <params>
            <param index="0">
              <value>
                <![CDATA[[TestResult name=TC_Login1 status=FAILURE method=TC_Login.TC_Login1()[pri:0, instance:com.ext.testCases.TC_Login@18be83e4] output=Test case Name TC_Login1]]]>
              </value>
            </param>
          </params>
          <reporter-output>
          </reporter-output>
        </test-method> <!-- tearDown -->
        <test-method status="PASS" signature="TC_Login2()[pri:0, instance:com.ext.testCases.TC_Login@18be83e4]" name="TC_Login2" duration-ms="2" started-at="2020-08-05T17:20:00Z" finished-at="2020-08-05T17:20:00Z">
          <reporter-output>
            <line>
              <![CDATA[Test case Name TC_Login2]]>
            </line>
            <line>
              <![CDATA[Resides under test class [TestClass name=class com.ext.testCases.TC_Login]]]>
            </line>
            <line>
              <![CDATA[Test Case Status is Pass]]>
            </line>
            <line>
              <![CDATA[Test case Name TC_Login2]]>
            </line>
            <line>
              <![CDATA[Resides under test class [TestClass name=class com.ext.testCases.TC_Login]]]>
            </line>
            <line>
              <![CDATA[Test Case Status is Pass]]>
            </line>
          </reporter-output>
        </test-method> <!-- TC_Login2 -->
        <test-method status="PASS" signature="tearDown(org.testng.ITestResult)[pri:0, instance:com.ext.testCases.TC_Login@18be83e4]" name="tearDown" is-config="true" duration-ms="364" started-at="2020-08-05T17:20:00Z" finished-at="2020-08-05T17:20:01Z">
          <params>
            <param index="0">
              <value>
                <![CDATA[[TestResult name=TC_Login2 status=SUCCESS method=TC_Login.TC_Login2()[pri:0, instance:com.ext.testCases.TC_Login@18be83e4] output=Test case Name TC_Login2]]]>
              </value>
            </param>
          </params>
          <reporter-output>
          </reporter-output>
        </test-method> <!-- tearDown -->
      </class> <!-- com.ext.testCases.TC_Login -->
      <class name="com.ext.testCases.BaseTestCase">
        <test-method status="PASS" signature="prerequite(java.lang.String)[pri:0, instance:com.ext.testCases.BaseTestCase@8bd1b6a]" name="prerequite" is-config="true" duration-ms="10601" started-at="2020-08-05T17:19:49Z" finished-at="2020-08-05T17:20:00Z">
          <params>
            <param index="0">
              <value>
                <![CDATA[Chrome]]>
              </value>
            </param>
          </params>
          <reporter-output>
          </reporter-output>
        </test-method> <!-- prerequite -->
      </class> <!-- com.ext.testCases.BaseTestCase -->
    </test> <!-- Test- Chrome -->
  </suite> <!-- Suite -->
</testng-results>
